android/app/build/intermediates/manifest_merge_blame_file/release/manifest-merger-blame-release-report.txt
1<?xml version="1.0" encoding="utf-8"?>
2<manifest xmlns:android="http://schemas.android.com/apk/res/android"
3    package="com.testapp"
4    android:versionCode="1"
5    android:versionName="1.0" >
6
7    <uses-sdk
8        android:minSdkVersion="24"
8-->src/main/AndroidManifest.xml
9        android:targetSdkVersion="30" />
9-->src/main/AndroidManifest.xml
10
11    <uses-permission android:name="android.permission.ACCESS_NETWORK_STATE" />
11-->src/main/AndroidManifest.xml:4:5-79
11-->src/main/AndroidManifest.xml:4:22-76
12    <uses-permission android:name="android.permission.INTERNET" />
12-->src/main/AndroidManifest.xml:5:5-67
12-->src/main/AndroidManifest.xml:5:22-64
13    <uses-permission android:name="android.permission.READ_PHONE_STATE" />
13-->src/main/AndroidManifest.xml:6:5-74
13-->src/main/AndroidManifest.xml:6:22-72
14    <uses-permission android:name="android.permission.ACCESS_COARSE_LOCATION" />
14-->[:react-native-maps] AndroidManifest.xml:10:5-81
14-->[:react-native-maps] AndroidManifest.xml:10:22-78
15
16    <uses-feature
16-->[com.google.android.gms:play-services-maps:17.0.0] AndroidManifest.xml:26:5-28:35
17        android:glEsVersion="0x00020000"
17-->[com.google.android.gms:play-services-maps:17.0.0] AndroidManifest.xml:27:9-41
18        android:required="true" />
18-->[com.google.android.gms:play-services-maps:17.0.0] AndroidManifest.xml:28:9-32
19
20    <application
20-->src/main/AndroidManifest.xml:8:5-27:19
21        android:name="com.testapp.MainApplication"
21-->src/main/AndroidManifest.xml:9:7-38
22        android:allowBackup="false"
22-->src/main/AndroidManifest.xml:13:7-34
23        android:appComponentFactory="androidx.core.app.CoreComponentFactory"
23-->[androidx.core:core:1.0.1] AndroidManifest.xml:22:18-86
24        android:extractNativeLibs="false"
25        android:icon="@mipmap/ic_launcher"
25-->src/main/AndroidManifest.xml:11:7-41
26        android:label="@string/app_name"
26-->src/main/AndroidManifest.xml:10:7-39
27        android:roundIcon="@mipmap/ic_launcher_round"
27-->src/main/AndroidManifest.xml:12:7-52
28        android:theme="@style/AppTheme" >
28-->src/main/AndroidManifest.xml:14:7-38
29        <activity
29-->src/main/AndroidManifest.xml:15:7-25:18
30            android:name="com.testapp.MainActivity"
30-->src/main/AndroidManifest.xml:16:9-37
31            android:configChanges="keyboard|keyboardHidden|orientation|screenSize|uiMode"
31-->src/main/AndroidManifest.xml:18:9-86
32            android:label="@string/app_name"
32-->src/main/AndroidManifest.xml:17:9-41
33            android:launchMode="singleTask"
33-->src/main/AndroidManifest.xml:19:9-40
34            android:windowSoftInputMode="adjustResize" >
34-->src/main/AndroidManifest.xml:20:9-51
35            <intent-filter>
35-->src/main/AndroidManifest.xml:21:9-24:25
36                <action android:name="android.intent.action.MAIN" />
36-->src/main/AndroidManifest.xml:22:13-65
36-->src/main/AndroidManifest.xml:22:21-62
37
38                <category android:name="android.intent.category.LAUNCHER" />
38-->src/main/AndroidManifest.xml:23:13-73
38-->src/main/AndroidManifest.xml:23:23-70
39            </intent-filter>
40        </activity>
41        <activity android:name="com.facebook.react.devsupport.DevSettingsActivity" />
41-->src/main/AndroidManifest.xml:26:7-84
41-->src/main/AndroidManifest.xml:26:17-81
42
43        <provider
43-->[:react-native-webview] AndroidManifest.xml:12:9-20:20
44            android:name="com.reactnativecommunity.webview.RNCWebViewFileProvider"
44-->[:react-native-webview] AndroidManifest.xml:13:13-83
45            android:authorities="com.testapp.fileprovider"
45-->[:react-native-webview] AndroidManifest.xml:14:13-64
46            android:exported="false"
46-->[:react-native-webview] AndroidManifest.xml:15:13-37
47            android:grantUriPermissions="true" >
47-->[:react-native-webview] AndroidManifest.xml:16:13-47
48            <meta-data
48-->[:react-native-webview] AndroidManifest.xml:17:13-19:63
49                android:name="android.support.FILE_PROVIDER_PATHS"
49-->[:react-native-webview] AndroidManifest.xml:18:17-67
50                android:resource="@xml/file_provider_paths" />
50-->[:react-native-webview] AndroidManifest.xml:19:17-60
51        </provider> <!-- Needs to be explicitly declared on P+ -->
52        <uses-library
52-->[com.google.android.gms:play-services-maps:17.0.0] AndroidManifest.xml:33:9-35:40
53            android:name="org.apache.http.legacy"
53-->[com.google.android.gms:play-services-maps:17.0.0] AndroidManifest.xml:34:13-50
54            android:required="false" />
54-->[com.google.android.gms:play-services-maps:17.0.0] AndroidManifest.xml:35:13-37
55
56        <activity
56-->[com.google.android.gms:play-services-base:17.0.0] AndroidManifest.xml:23:9-26:75
57            android:name="com.google.android.gms.common.api.GoogleApiActivity"
57-->[com.google.android.gms:play-services-base:17.0.0] AndroidManifest.xml:24:13-79
58            android:exported="false"
58-->[com.google.android.gms:play-services-base:17.0.0] AndroidManifest.xml:25:13-37
59            android:theme="@android:style/Theme.Translucent.NoTitleBar" />
59-->[com.google.android.gms:play-services-base:17.0.0] AndroidManifest.xml:26:13-72
60
61        <meta-data
61-->[com.google.android.gms:play-services-basement:17.0.0] AndroidManifest.xml:23:9-25:69
62            android:name="com.google.android.gms.version"
62-->[com.google.android.gms:play-services-basement:17.0.0] AndroidManifest.xml:24:13-58
63            android:value="@integer/google_play_services_version" />
63-->[com.google.android.gms:play-services-basement:17.0.0] AndroidManifest.xml:25:13-66
64    </application>
65
66</manifest>